#
# A fatal error has been detected by the Java Runtime Environment:
#
#  Internal Error (./open/src/hotspot/share/interpreter/oopMapCache.cpp:111), pid=18736, tid=9192
#  Error: ShouldNotReachHere()
#
# JRE version: Java(TM) SE Runtime Environment (15.0.2+7) (build 15.0.2+7-27)
# Java VM: Java HotSpot(TM) 64-Bit Server VM (15.0.2+7-27, mixed mode, sharing, tiered, compressed oops, g1 gc, windows-amd64)
# No core dump will be written. Minidumps are not enabled by default on client versions of Windows
#
# If you would like to submit a bug report, please visit:
#   https://bugreport.java.com/bugreport/crash.jsp
#

---------------  S U M M A R Y ------------

Command Line: -XX:+ShowCodeDetailsInExceptionMessages -agentlib:jdwp=transport=dt_socket,suspend=y,address=localhost:59742 -javaagent:C:\Users\daniel.mijens.tutor\eclipse\jee-2020-122\eclipse\configuration\org.eclipse.osgi\405\0\.cp\lib\javaagent-shaded.jar -Dfile.encoding=Cp1252 EJERCICIOSLOGICA1.Hola

Host: Intel(R) Core(TM) i5-7300U CPU @ 2.60GHz, 4 cores, 7G,  Windows 10 , 64 bit Build 19041 (10.0.19041.804)
Time: Fri Mar 12 13:13:41 2021 Romance Standard Time elapsed time: 1465.958993 seconds (0d 0h 24m 25s)

---------------  T H R E A D  ---------------

Current thread (0x00000222653d97d0):  JavaThread "JDWP Transport Listener: dt_socket" daemon [_thread_in_vm, id=9192, stack(0x000000d6dcb00000,0x000000d6dcc00000)] _threads_hazard_ptr=0x0000022265461050

Stack: [0x000000d6dcb00000,0x000000d6dcc00000]
Native frames: (J=compiled Java code, j=interpreted, Vv=VM code, C=native code)
V  [jvm.dll+0x62ae9a]
V  [jvm.dll+0x7817a9]
V  [jvm.dll+0x782f03]
V  [jvm.dll+0x783517]
V  [jvm.dll+0x21628c]
V  [jvm.dll+0x2161d3]
V  [jvm.dll+0x619eea]
V  [jvm.dll+0x619ba3]
V  [jvm.dll+0x5df278]
V  [jvm.dll+0x77876f]
V  [jvm.dll+0x4f02e1]
V  [jvm.dll+0x7882b5]
V  [jvm.dll+0x4d3f00]
V  [jvm.dll+0x4956db]
C  [jdwp.dll+0x8221]


---------------  P R O C E S S  ---------------

Threads class SMR info:
_java_thread_list=0x0000022265461050, length=14, elements={
0x0000022246a16b90, 0x00000222646118d0, 0x00000222647a17e0, 0x00000222647b7340,
0x00000222647bc520, 0x00000222647c22a0, 0x00000222647ca500, 0x00000222647cc2e0,
0x0000022265198810, 0x000002226529bd80, 0x00000222653d97d0, 0x0000022265371650,
0x0000022265371fc0, 0x0000022265299700
}

Java Threads: ( => current thread )
  0x0000022246a16b90 JavaThread "main" [_thread_blocked, id=6004, stack(0x000000d6dbc00000,0x000000d6dbd00000)]
  0x00000222646118d0 JavaThread "Reference Handler" daemon [_thread_blocked, id=21296, stack(0x000000d6dc200000,0x000000d6dc300000)]
  0x00000222647a17e0 JavaThread "Finalizer" daemon [_thread_blocked, id=2108, stack(0x000000d6dc300000,0x000000d6dc400000)]
  0x00000222647b7340 JavaThread "Signal Dispatcher" daemon [_thread_blocked, id=14112, stack(0x000000d6dc400000,0x000000d6dc500000)]
  0x00000222647bc520 JavaThread "Attach Listener" daemon [_thread_blocked, id=14284, stack(0x000000d6dc500000,0x000000d6dc600000)]
  0x00000222647c22a0 JavaThread "Service Thread" daemon [_thread_blocked, id=13656, stack(0x000000d6dc600000,0x000000d6dc700000)]
  0x00000222647ca500 JavaThread "C2 CompilerThread0" daemon [_thread_blocked, id=168, stack(0x000000d6dc700000,0x000000d6dc800000)]
  0x00000222647cc2e0 JavaThread "C1 CompilerThread0" daemon [_thread_blocked, id=8004, stack(0x000000d6dc800000,0x000000d6dc900000)]
  0x0000022265198810 JavaThread "Sweeper thread" daemon [_thread_blocked, id=12728, stack(0x000000d6dc900000,0x000000d6dca00000)]
  0x000002226529bd80 JavaThread "Common-Cleaner" daemon [_thread_blocked, id=1632, stack(0x000000d6dca00000,0x000000d6dcb00000)]
=>0x00000222653d97d0 JavaThread "JDWP Transport Listener: dt_socket" daemon [_thread_in_vm, id=9192, stack(0x000000d6dcb00000,0x000000d6dcc00000)] _threads_hazard_ptr=0x0000022265461050
  0x0000022265371650 JavaThread "JDWP Event Helper Thread" daemon [_thread_blocked, id=18624, stack(0x000000d6dcc00000,0x000000d6dcd00000)]
  0x0000022265371fc0 JavaThread "JDWP Command Reader" daemon [_thread_in_native, id=17032, stack(0x000000d6dcd00000,0x000000d6dce00000)]
  0x0000022265299700 JavaThread "Notification Thread" daemon [_thread_blocked, id=10284, stack(0x000000d6dce00000,0x000000d6dcf00000)]

Other Threads:
  0x00000222647997d0 VMThread "VM Thread" [stack: 0x000000d6e2100000,0x000000d6e2200000] [id=18892]
  0x00000222654b4d00 WatcherThread [stack: 0x000000d6dcf00000,0x000000d6dd000000] [id=19716]
  0x0000022246a54650 GCTaskThread "GC Thread#0" [stack: 0x000000d6dbd00000,0x000000d6dbe00000] [id=14940]
  0x0000022246a64c80 ConcurrentGCThread "G1 Main Marker" [stack: 0x000000d6dbe00000,0x000000d6dbf00000] [id=14548]
  0x0000022246a65c40 ConcurrentGCThread "G1 Conc#0" [stack: 0x000000d6dbf00000,0x000000d6dc000000] [id=9512]
  0x00000222646020b0 ConcurrentGCThread "G1 Refine#0" [stack: 0x000000d6dc000000,0x000000d6dc100000] [id=20452]
  0x0000022246aacf50 ConcurrentGCThread "G1 Young RemSet Sampling" [stack: 0x000000d6dc100000,0x000000d6dc200000] [id=21216]

Threads with active compile tasks:

VM state: not at safepoint (normal execution)

VM Mutex/Monitor currently owned by a thread: None

Heap address: 0x0000000089600000, size: 1898 MB, Compressed Oops mode: 32-bit
CDS archive(s) mapped at: [0x0000000800000000-0x0000000800b50000-0x0000000800b50000), size 11862016, SharedBaseAddress: 0x0000000800000000, ArchiveRelocationMode: 0.
Compressed class space mapped at: 0x0000000800b50000-0x0000000840b50000, size: 1073741824
Narrow klass base: 0x0000000800000000, Narrow klass shift: 3, Narrow klass range: 0x100000000

GC Precious Log:
 CPUs: 4 total, 4 available
 Memory: 7587M
 Large Page Support: Disabled
 NUMA Support: Disabled
 Compressed Oops: Enabled (32-bit)
 Heap Region Size: 1M
 Heap Min Capacity: 8M
 Heap Initial Capacity: 120M
 Heap Max Capacity: 1898M
 Pre-touch: Disabled
 Parallel Workers: 4
 Concurrent Workers: 1
 Concurrent Refinement Workers: 4
 Periodic GC: Disabled

Heap:
 garbage-first heap   total 122880K, used 4096K [0x0000000089600000, 0x0000000100000000)
  region size 1024K, 6 young (6144K), 0 survivors (0K)
 Metaspace       used 3027K, capacity 4944K, committed 5120K, reserved 1056768K
  class space    used 286K, capacity 431K, committed 512K, reserved 1048576K

Heap Regions: E=young(eden), S=young(survivor), O=old, HS=humongous(starts), HC=humongous(continues), CS=collection set, F=free, OA=open archive, CA=closed archive, TAMS=top-at-mark-start (previous, next)
|   0|0x0000000089600000, 0x0000000089600000, 0x0000000089700000|  0%| F|  |TAMS 0x0000000089600000, 0x0000000089600000| Untracked 
|   1|0x0000000089700000, 0x0000000089700000, 0x0000000089800000|  0%| F|  |TAMS 0x0000000089700000, 0x0000000089700000| Untracked 
|   2|0x0000000089800000, 0x0000000089800000, 0x0000000089900000|  0%| F|  |TAMS 0x0000000089800000, 0x0000000089800000| Untracked 
|   3|0x0000000089900000, 0x0000000089900000, 0x0000000089a00000|  0%| F|  |TAMS 0x0000000089900000, 0x0000000089900000| Untracked 
|   4|0x0000000089a00000, 0x0000000089a00000, 0x0000000089b00000|  0%| F|  |TAMS 0x0000000089a00000, 0x0000000089a00000| Untracked 
|   5|0x0000000089b00000, 0x0000000089b00000, 0x0000000089c00000|  0%| F|  |TAMS 0x0000000089b00000, 0x0000000089b00000| Untracked 
|   6|0x0000000089c00000, 0x0000000089c00000, 0x0000000089d00000|  0%| F|  |TAMS 0x0000000089c00000, 0x0000000089c00000| Untracked 
|   7|0x0000000089d00000, 0x0000000089d00000, 0x0000000089e00000|  0%| F|  |TAMS 0x0000000089d00000, 0x0000000089d00000| Untracked 
|   8|0x0000000089e00000, 0x0000000089e00000, 0x0000000089f00000|  0%| F|  |TAMS 0x0000000089e00000, 0x0000000089e00000| Untracked 
|   9|0x0000000089f00000, 0x0000000089f00000, 0x000000008a000000|  0%| F|  |TAMS 0x0000000089f00000, 0x0000000089f00000| Untracked 
|  10|0x000000008a000000, 0x000000008a000000, 0x000000008a100000|  0%| F|  |TAMS 0x000000008a000000, 0x000000008a000000| Untracked 
|  11|0x000000008a100000, 0x000000008a100000, 0x000000008a200000|  0%| F|  |TAMS 0x000000008a100000, 0x000000008a100000| Untracked 
|  12|0x000000008a200000, 0x000000008a200000, 0x000000008a300000|  0%| F|  |TAMS 0x000000008a200000, 0x000000008a200000| Untracked 
|  13|0x000000008a300000, 0x000000008a300000, 0x000000008a400000|  0%| F|  |TAMS 0x000000008a300000, 0x000000008a300000| Untracked 
|  14|0x000000008a400000, 0x000000008a400000, 0x000000008a500000|  0%| F|  |TAMS 0x000000008a400000, 0x000000008a400000| Untracked 
|  15|0x000000008a500000, 0x000000008a500000, 0x000000008a600000|  0%| F|  |TAMS 0x000000008a500000, 0x000000008a500000| Untracked 
|  16|0x000000008a600000, 0x000000008a600000, 0x000000008a700000|  0%| F|  |TAMS 0x000000008a600000, 0x000000008a600000| Untracked 
|  17|0x000000008a700000, 0x000000008a700000, 0x000000008a800000|  0%| F|  |TAMS 0x000000008a700000, 0x000000008a700000| Untracked 
|  18|0x000000008a800000, 0x000000008a800000, 0x000000008a900000|  0%| F|  |TAMS 0x000000008a800000, 0x000000008a800000| Untracked 
|  19|0x000000008a900000, 0x000000008a900000, 0x000000008aa00000|  0%| F|  |TAMS 0x000000008a900000, 0x000000008a900000| Untracked 
|  20|0x000000008aa00000, 0x000000008aa00000, 0x000000008ab00000|  0%| F|  |TAMS 0x000000008aa00000, 0x000000008aa00000| Untracked 
|  21|0x000000008ab00000, 0x000000008ab00000, 0x000000008ac00000|  0%| F|  |TAMS 0x000000008ab00000, 0x000000008ab00000| Untracked 
|  22|0x000000008ac00000, 0x000000008ac00000, 0x000000008ad00000|  0%| F|  |TAMS 0x000000008ac00000, 0x000000008ac00000| Untracked 
|  23|0x000000008ad00000, 0x000000008ad00000, 0x000000008ae00000|  0%| F|  |TAMS 0x000000008ad00000, 0x000000008ad00000| Untracked 
|  24|0x000000008ae00000, 0x000000008ae00000, 0x000000008af00000|  0%| F|  |TAMS 0x000000008ae00000, 0x000000008ae00000| Untracked 
|  25|0x000000008af00000, 0x000000008af00000, 0x000000008b000000|  0%| F|  |TAMS 0x000000008af00000, 0x000000008af00000| Untracked 
|  26|0x000000008b000000, 0x000000008b000000, 0x000000008b100000|  0%| F|  |TAMS 0x000000008b000000, 0x000000008b000000| Untracked 
|  27|0x000000008b100000, 0x000000008b100000, 0x000000008b200000|  0%| F|  |TAMS 0x000000008b100000, 0x000000008b100000| Untracked 
|  28|0x000000008b200000, 0x000000008b200000, 0x000000008b300000|  0%| F|  |TAMS 0x000000008b200000, 0x000000008b200000| Untracked 
|  29|0x000000008b300000, 0x000000008b300000, 0x000000008b400000|  0%| F|  |TAMS 0x000000008b300000, 0x000000008b300000| Untracked 
|  30|0x000000008b400000, 0x000000008b400000, 0x000000008b500000|  0%| F|  |TAMS 0x000000008b400000, 0x000000008b400000| Untracked 
|  31|0x000000008b500000, 0x000000008b500000, 0x000000008b600000|  0%| F|  |TAMS 0x000000008b500000, 0x000000008b500000| Untracked 
|  32|0x000000008b600000, 0x000000008b600000, 0x000000008b700000|  0%| F|  |TAMS 0x000000008b600000, 0x000000008b600000| Untracked 
|  33|0x000000008b700000, 0x000000008b700000, 0x000000008b800000|  0%| F|  |TAMS 0x000000008b700000, 0x000000008b700000| Untracked 
|  34|0x000000008b800000, 0x000000008b800000, 0x000000008b900000|  0%| F|  |TAMS 0x000000008b800000, 0x000000008b800000| Untracked 
|  35|0x000000008b900000, 0x000000008b900000, 0x000000008ba00000|  0%| F|  |TAMS 0x000000008b900000, 0x000000008b900000| Untracked 
|  36|0x000000008ba00000, 0x000000008ba00000, 0x000000008bb00000|  0%| F|  |TAMS 0x000000008ba00000, 0x000000008ba00000| Untracked 
|  37|0x000000008bb00000, 0x000000008bb00000, 0x000000008bc00000|  0%| F|  |TAMS 0x000000008bb00000, 0x000000008bb00000| Untracked 
|  38|0x000000008bc00000, 0x000000008bc00000, 0x000000008bd00000|  0%| F|  |TAMS 0x000000008bc00000, 0x000000008bc00000| Untracked 
|  39|0x000000008bd00000, 0x000000008bd00000, 0x000000008be00000|  0%| F|  |TAMS 0x000000008bd00000, 0x000000008bd00000| Untracked 
|  40|0x000000008be00000, 0x000000008be00000, 0x000000008bf00000|  0%| F|  |TAMS 0x000000008be00000, 0x000000008be00000| Untracked 
|  41|0x000000008bf00000, 0x000000008bf00000, 0x000000008c000000|  0%| F|  |TAMS 0x000000008bf00000, 0x000000008bf00000| Untracked 
|  42|0x000000008c000000, 0x000000008c000000, 0x000000008c100000|  0%| F|  |TAMS 0x000000008c000000, 0x000000008c000000| Untracked 
|  43|0x000000008c100000, 0x000000008c100000, 0x000000008c200000|  0%| F|  |TAMS 0x000000008c100000, 0x000000008c100000| Untracked 
|  44|0x000000008c200000, 0x000000008c200000, 0x000000008c300000|  0%| F|  |TAMS 0x000000008c200000, 0x000000008c200000| Untracked 
|  45|0x000000008c300000, 0x000000008c300000, 0x000000008c400000|  0%| F|  |TAMS 0x000000008c300000, 0x000000008c300000| Untracked 
|  46|0x000000008c400000, 0x000000008c400000, 0x000000008c500000|  0%| F|  |TAMS 0x000000008c400000, 0x000000008c400000| Untracked 
|  47|0x000000008c500000, 0x000000008c500000, 0x000000008c600000|  0%| F|  |TAMS 0x000000008c500000, 0x000000008c500000| Untracked 
|  48|0x000000008c600000, 0x000000008c600000, 0x000000008c700000|  0%| F|  |TAMS 0x000000008c600000, 0x000000008c600000| Untracked 
|  49|0x000000008c700000, 0x000000008c700000, 0x000000008c800000|  0%| F|  |TAMS 0x000000008c700000, 0x000000008c700000| Untracked 
|  50|0x000000008c800000, 0x000000008c800000, 0x000000008c900000|  0%| F|  |TAMS 0x000000008c800000, 0x000000008c800000| Untracked 
|  51|0x000000008c900000, 0x000000008c900000, 0x000000008ca00000|  0%| F|  |TAMS 0x000000008c900000, 0x000000008c900000| Untracked 
|  52|0x000000008ca00000, 0x000000008ca00000, 0x000000008cb00000|  0%| F|  |TAMS 0x000000008ca00000, 0x000000008ca00000| Untracked 
|  53|0x000000008cb00000, 0x000000008cb00000, 0x000000008cc00000|  0%| F|  |TAMS 0x000000008cb00000, 0x000000008cb00000| Untracked 
|  54|0x000000008cc00000, 0x000000008cc00000, 0x000000008cd00000|  0%| F|  |TAMS 0x000000008cc00000, 0x000000008cc00000| Untracked 
|  55|0x000000008cd00000, 0x000000008cd00000, 0x000000008ce00000|  0%| F|  |TAMS 0x000000008cd00000, 0x000000008cd00000| Untracked 
|  56|0x000000008ce00000, 0x000000008ce00000, 0x000000008cf00000|  0%| F|  |TAMS 0x000000008ce00000, 0x000000008ce00000| Untracked 
|  57|0x000000008cf00000, 0x000000008cf00000, 0x000000008d000000|  0%| F|  |TAMS 0x000000008cf00000, 0x000000008cf00000| Untracked 
|  58|0x000000008d000000, 0x000000008d000000, 0x000000008d100000|  0%| F|  |TAMS 0x000000008d000000, 0x000000008d000000| Untracked 
|  59|0x000000008d100000, 0x000000008d100000, 0x000000008d200000|  0%| F|  |TAMS 0x000000008d100000, 0x000000008d100000| Untracked 
|  60|0x000000008d200000, 0x000000008d200000, 0x000000008d300000|  0%| F|  |TAMS 0x000000008d200000, 0x000000008d200000| Untracked 
|  61|0x000000008d300000, 0x000000008d300000, 0x000000008d400000|  0%| F|  |TAMS 0x000000008d300000, 0x000000008d300000| Untracked 
|  62|0x000000008d400000, 0x000000008d400000, 0x000000008d500000|  0%| F|  |TAMS 0x000000008d400000, 0x000000008d400000| Untracked 
|  63|0x000000008d500000, 0x000000008d500000, 0x000000008d600000|  0%| F|  |TAMS 0x000000008d500000, 0x000000008d500000| Untracked 
|  64|0x000000008d600000, 0x000000008d600000, 0x000000008d700000|  0%| F|  |TAMS 0x000000008d600000, 0x000000008d600000| Untracked 
|  65|0x000000008d700000, 0x000000008d700000, 0x000000008d800000|  0%| F|  |TAMS 0x000000008d700000, 0x000000008d700000| Untracked 
|  66|0x000000008d800000, 0x000000008d800000, 0x000000008d900000|  0%| F|  |TAMS 0x000000008d800000, 0x000000008d800000| Untracked 
|  67|0x000000008d900000, 0x000000008d900000, 0x000000008da00000|  0%| F|  |TAMS 0x000000008d900000, 0x000000008d900000| Untracked 
|  68|0x000000008da00000, 0x000000008da00000, 0x000000008db00000|  0%| F|  |TAMS 0x000000008da00000, 0x000000008da00000| Untracked 
|  69|0x000000008db00000, 0x000000008db00000, 0x000000008dc00000|  0%| F|  |TAMS 0x000000008db00000, 0x000000008db00000| Untracked 
|  70|0x000000008dc00000, 0x000000008dc00000, 0x000000008dd00000|  0%| F|  |TAMS 0x000000008dc00000, 0x000000008dc00000| Untracked 
|  71|0x000000008dd00000, 0x000000008dd00000, 0x000000008de00000|  0%| F|  |TAMS 0x000000008dd00000, 0x000000008dd00000| Untracked 
|  72|0x000000008de00000, 0x000000008de00000, 0x000000008df00000|  0%| F|  |TAMS 0x000000008de00000, 0x000000008de00000| Untracked 
|  73|0x000000008df00000, 0x000000008df00000, 0x000000008e000000|  0%| F|  |TAMS 0x000000008df00000, 0x000000008df00000| Untracked 
|  74|0x000000008e000000, 0x000000008e000000, 0x000000008e100000|  0%| F|  |TAMS 0x000000008e000000, 0x000000008e000000| Untracked 
|  75|0x000000008e100000, 0x000000008e100000, 0x000000008e200000|  0%| F|  |TAMS 0x000000008e100000, 0x000000008e100000| Untracked 
|  76|0x000000008e200000, 0x000000008e200000, 0x000000008e300000|  0%| F|  |TAMS 0x000000008e200000, 0x000000008e200000| Untracked 
|  77|0x000000008e300000, 0x000000008e300000, 0x000000008e400000|  0%| F|  |TAMS 0x000000008e300000, 0x000000008e300000| Untracked 
|  78|0x000000008e400000, 0x000000008e400000, 0x000000008e500000|  0%| F|  |TAMS 0x000000008e400000, 0x000000008e400000| Untracked 
|  79|0x000000008e500000, 0x000000008e500000, 0x000000008e600000|  0%| F|  |TAMS 0x000000008e500000, 0x000000008e500000| Untracked 
|  80|0x000000008e600000, 0x000000008e600000, 0x000000008e700000|  0%| F|  |TAMS 0x000000008e600000, 0x000000008e600000| Untracked 
|  81|0x000000008e700000, 0x000000008e700000, 0x000000008e800000|  0%| F|  |TAMS 0x000000008e700000, 0x000000008e700000| Untracked 
|  82|0x000000008e800000, 0x000000008e800000, 0x000000008e900000|  0%| F|  |TAMS 0x000000008e800000, 0x000000008e800000| Untracked 
|  83|0x000000008e900000, 0x000000008e900000, 0x000000008ea00000|  0%| F|  |TAMS 0x000000008e900000, 0x000000008e900000| Untracked 
|  84|0x000000008ea00000, 0x000000008ea00000, 0x000000008eb00000|  0%| F|  |TAMS 0x000000008ea00000, 0x000000008ea00000| Untracked 
|  85|0x000000008eb00000, 0x000000008eb00000, 0x000000008ec00000|  0%| F|  |TAMS 0x000000008eb00000, 0x000000008eb00000| Untracked 
|  86|0x000000008ec00000, 0x000000008ec00000, 0x000000008ed00000|  0%| F|  |TAMS 0x000000008ec00000, 0x000000008ec00000| Untracked 
|  87|0x000000008ed00000, 0x000000008ed00000, 0x000000008ee00000|  0%| F|  |TAMS 0x000000008ed00000, 0x000000008ed00000| Untracked 
|  88|0x000000008ee00000, 0x000000008ee00000, 0x000000008ef00000|  0%| F|  |TAMS 0x000000008ee00000, 0x000000008ee00000| Untracked 
|  89|0x000000008ef00000, 0x000000008ef00000, 0x000000008f000000|  0%| F|  |TAMS 0x000000008ef00000, 0x000000008ef00000| Untracked 
|  90|0x000000008f000000, 0x000000008f000000, 0x000000008f100000|  0%| F|  |TAMS 0x000000008f000000, 0x000000008f000000| Untracked 
|  91|0x000000008f100000, 0x000000008f100000, 0x000000008f200000|  0%| F|  |TAMS 0x000000008f100000, 0x000000008f100000| Untracked 
|  92|0x000000008f200000, 0x000000008f200000, 0x000000008f300000|  0%| F|  |TAMS 0x000000008f200000, 0x000000008f200000| Untracked 
|  93|0x000000008f300000, 0x000000008f300000, 0x000000008f400000|  0%| F|  |TAMS 0x000000008f300000, 0x000000008f300000| Untracked 
|  94|0x000000008f400000, 0x000000008f400000, 0x000000008f500000|  0%| F|  |TAMS 0x000000008f400000, 0x000000008f400000| Untracked 
|  95|0x000000008f500000, 0x000000008f500000, 0x000000008f600000|  0%| F|  |TAMS 0x000000008f500000, 0x000000008f500000| Untracked 
|  96|0x000000008f600000, 0x000000008f600000, 0x000000008f700000|  0%| F|  |TAMS 0x000000008f600000, 0x000000008f600000| Untracked 
|  97|0x000000008f700000, 0x000000008f700000, 0x000000008f800000|  0%| F|  |TAMS 0x000000008f700000, 0x000000008f700000| Untracked 
|  98|0x000000008f800000, 0x000000008f800000, 0x000000008f900000|  0%| F|  |TAMS 0x000000008f800000, 0x000000008f800000| Untracked 
|  99|0x000000008f900000, 0x000000008f900000, 0x000000008fa00000|  0%| F|  |TAMS 0x000000008f900000, 0x000000008f900000| Untracked 
| 100|0x000000008fa00000, 0x000000008fa00000, 0x000000008fb00000|  0%| F|  |TAMS 0x000000008fa00000, 0x000000008fa00000| Untracked 
| 101|0x000000008fb00000, 0x000000008fb00000, 0x000000008fc00000|  0%| F|  |TAMS 0x000000008fb00000, 0x000000008fb00000| Untracked 
| 102|0x000000008fc00000, 0x000000008fc00000, 0x000000008fd00000|  0%| F|  |TAMS 0x000000008fc00000, 0x000000008fc00000| Untracked 
| 103|0x000000008fd00000, 0x000000008fd00000, 0x000000008fe00000|  0%| F|  |TAMS 0x000000008fd00000, 0x000000008fd00000| Untracked 
| 104|0x000000008fe00000, 0x000000008fe00000, 0x000000008ff00000|  0%| F|  |TAMS 0x000000008fe00000, 0x000000008fe00000| Untracked 
| 105|0x000000008ff00000, 0x000000008ff00000, 0x0000000090000000|  0%| F|  |TAMS 0x000000008ff00000, 0x000000008ff00000| Untracked 
| 106|0x0000000090000000, 0x0000000090000000, 0x0000000090100000|  0%| F|  |TAMS 0x0000000090000000, 0x0000000090000000| Untracked 
| 107|0x0000000090100000, 0x0000000090100000, 0x0000000090200000|  0%| F|  |TAMS 0x0000000090100000, 0x0000000090100000| Untracked 
| 108|0x0000000090200000, 0x0000000090200000, 0x0000000090300000|  0%| F|  |TAMS 0x0000000090200000, 0x0000000090200000| Untracked 
| 109|0x0000000090300000, 0x0000000090300000, 0x0000000090400000|  0%| F|  |TAMS 0x0000000090300000, 0x0000000090300000| Untracked 
| 110|0x0000000090400000, 0x0000000090400000, 0x0000000090500000|  0%| F|  |TAMS 0x0000000090400000, 0x0000000090400000| Untracked 
| 111|0x0000000090500000, 0x0000000090500000, 0x0000000090600000|  0%| F|  |TAMS 0x0000000090500000, 0x0000000090500000| Untracked 
| 112|0x0000000090600000, 0x0000000090600000, 0x0000000090700000|  0%| F|  |TAMS 0x0000000090600000, 0x0000000090600000| Untracked 
| 113|0x0000000090700000, 0x0000000090700000, 0x0000000090800000|  0%| F|  |TAMS 0x0000000090700000, 0x0000000090700000| Untracked 
| 114|0x0000000090800000, 0x0000000090900000, 0x0000000090900000|100%| E|  |TAMS 0x0000000090800000, 0x0000000090800000| Complete 
| 115|0x0000000090900000, 0x0000000090a00000, 0x0000000090a00000|100%| E|CS|TAMS 0x0000000090900000, 0x0000000090900000| Complete 
| 116|0x0000000090a00000, 0x0000000090b00000, 0x0000000090b00000|100%| E|  |TAMS 0x0000000090a00000, 0x0000000090a00000| Complete 
| 117|0x0000000090b00000, 0x0000000090c00000, 0x0000000090c00000|100%| E|CS|TAMS 0x0000000090b00000, 0x0000000090b00000| Complete 
| 118|0x0000000090c00000, 0x0000000090d00000, 0x0000000090d00000|100%| E|CS|TAMS 0x0000000090c00000, 0x0000000090c00000| Complete 
| 119|0x0000000090d00000, 0x0000000090e00000, 0x0000000090e00000|100%| E|CS|TAMS 0x0000000090d00000, 0x0000000090d00000| Complete 

Card table byte_map: [0x000002225dfd0000,0x000002225e390000] _byte_map_base: 0x000002225db85000

Marking Bits (Prev, Next): (CMBitMap*) 0x0000022246a54e40, (CMBitMap*) 0x0000022246a54e80
 Prev Bits: [0x000002225e750000, 0x00000222604f8000)
 Next Bits: [0x0000022260500000, 0x00000222622a8000)

Polling page: 0x00000222461b0000

Metaspace:

Usage:
  Non-class:      4.41 MB capacity,     2.68 MB ( 61%) used,     1.73 MB ( 39%) free+waste,     1.38 KB ( <1%) overhead. 
      Class:    431.00 KB capacity,   286.86 KB ( 67%) used,   143.39 KB ( 33%) free+waste,   768 bytes ( <1%) overhead. 
       Both:      4.83 MB capacity,     2.96 MB ( 61%) used,     1.87 MB ( 39%) free+waste,     2.12 KB ( <1%) overhead. 

Virtual space:
  Non-class space:        8.00 MB reserved,       4.50 MB ( 56%) committed 
      Class space:        1.00 GB reserved,     512.00 KB ( <1%) committed 
             Both:        1.01 GB reserved,       5.00 MB ( <1%) committed 

Chunk freelists:
   Non-Class:  31.00 KB
       Class:  17.00 KB
        Both:  48.00 KB

MaxMetaspaceSize: 17179869184.00 GB
CompressedClassSpaceSize: 1.00 GB

CodeHeap 'non-profiled nmethods': size=120000Kb used=153Kb max_used=153Kb free=119846Kb
 bounds [0x00000222566e0000, 0x0000022256950000, 0x000002225dc10000]
CodeHeap 'profiled nmethods': size=120000Kb used=655Kb max_used=655Kb free=119344Kb
 bounds [0x000002224f1b0000, 0x000002224f420000, 0x00000222566e0000]
CodeHeap 'non-nmethods': size=5760Kb used=1233Kb max_used=1248Kb free=4526Kb
 bounds [0x000002224ec10000, 0x000002224ee80000, 0x000002224f1b0000]
 total_blobs=883 nmethods=486 adapters=310
 compilation: enabled
              stopped_count=0, restarted_count=0
 full_count=0

Compilation events (20 events):
Event: 0.643 Thread 0x00000222647cc2e0 nmethod 477 0x000002224f251990 code [0x000002224f251c80, 0x000002224f253298]
Event: 0.643 Thread 0x00000222647cc2e0  479       1       java.lang.invoke.MethodTypeForm::parameterSlotCount (5 bytes)
Event: 0.643 Thread 0x00000222647cc2e0 nmethod 479 0x0000022256705310 code [0x00000222567054a0, 0x0000022256705558]
Event: 0.644 Thread 0x00000222647ca500 nmethod 482 0x0000022256705610 code [0x00000222567057a0, 0x0000022256705bb8]
Event: 4.279 Thread 0x00000222647cc2e0  483       1       java.nio.Buffer::position (5 bytes)
Event: 4.279 Thread 0x00000222647cc2e0 nmethod 483 0x0000022256705d90 code [0x0000022256705f20, 0x0000022256705fd8]
Event: 4.279 Thread 0x00000222647cc2e0  484       1       sun.instrument.TransformerManager::getSnapshotTransformerList (5 bytes)
Event: 4.279 Thread 0x00000222647cc2e0 nmethod 484 0x0000022256706090 code [0x0000022256706220, 0x00000222567062d8]
Event: 278.689 Thread 0x00000222647cc2e0  485       1       sun.instrument.TransformerManager$TransformerInfo::transformer (5 bytes)
Event: 278.689 Thread 0x00000222647cc2e0 nmethod 485 0x0000022256706390 code [0x0000022256706520, 0x00000222567065d8]
Event: 1157.097 Thread 0x00000222647ca500  486       4       org.eclipse.jdt.launching.internal.org.objectweb.asm.ClassReader::getItem (7 bytes)
Event: 1157.097 Thread 0x00000222647cc2e0  487       3       org.eclipse.jdt.launching.internal.org.objectweb.asm.SymbolTable::addConstantUtf8Reference (20 bytes)
Event: 1157.097 Thread 0x00000222647cc2e0 nmethod 487 0x000002224f253910 code [0x000002224f253ae0, 0x000002224f253da8]
Event: 1157.100 Thread 0x00000222647ca500 

Event: 1261.783 Thread 0x00000222647cc2e0  488       3       org.eclipse.jdt.launching.internal.org.objectweb.asm.ByteVector::putShort (52 bytes)
Event: 1261.787 Thread 0x00000222647cc2e0 

Event: 1309.622 Thread 0x00000222647ca500  489       4       java.lang.StringUTF16::compress (50 bytes)
Event: 1309.631 Thread 0x00000222647ca500 

Event: 1334.853 Thread 0x00000222647ca500  490       4       java.lang.StringUTF16::compress (50 bytes)
Event: 1334.866 Thread 0x00000222647ca500 


GC Heap History (0 events):
No events

Deoptimization events (20 events):
Event: 0.587 Thread 0x0000022246a16b90 DEOPT PACKING pc=0x000002224f22462c sp=0x000000d6dbcf7d50
Event: 0.587 Thread 0x0000022246a16b90 DEOPT UNPACKING pc=0x000002224ec5e23f sp=0x000000d6dbcf7218 mode 0
Event: 0.587 Thread 0x0000022246a16b90 DEOPT PACKING pc=0x000002224f22462c sp=0x000000d6dbcf7d50
Event: 0.587 Thread 0x0000022246a16b90 DEOPT UNPACKING pc=0x000002224ec5e23f sp=0x000000d6dbcf7218 mode 0
Event: 0.587 Thread 0x0000022246a16b90 DEOPT PACKING pc=0x000002224f22462c sp=0x000000d6dbcf7d50
Event: 0.587 Thread 0x0000022246a16b90 DEOPT UNPACKING pc=0x000002224ec5e23f sp=0x000000d6dbcf7218 mode 0
Event: 0.589 Thread 0x0000022246a16b90 DEOPT PACKING pc=0x000002224f22462c sp=0x000000d6dbcf7d50
Event: 0.589 Thread 0x0000022246a16b90 DEOPT UNPACKING pc=0x000002224ec5e23f sp=0x000000d6dbcf7218 mode 0
Event: 0.630 Thread 0x0000022246a16b90 Uncommon trap: trap_request=0xffffff45 fr.pc=0x00000222566e9270 relative=0x0000000000000250
Event: 0.630 Thread 0x0000022246a16b90 Uncommon trap: reason=unstable_if action=reinterpret pc=0x00000222566e9270 method=java.lang.String.isLatin1()Z @ 10 c2
Event: 0.630 Thread 0x0000022246a16b90 DEOPT PACKING pc=0x00000222566e9270 sp=0x000000d6dbcfcb50
Event: 0.630 Thread 0x0000022246a16b90 DEOPT UNPACKING pc=0x000002224ec5e42f sp=0x000000d6dbcfca98 mode 2
Event: 0.630 Thread 0x0000022246a16b90 Uncommon trap: trap_request=0xffffff45 fr.pc=0x00000222566e635c relative=0x000000000000005c
Event: 0.630 Thread 0x0000022246a16b90 Uncommon trap: reason=unstable_if action=reinterpret pc=0x00000222566e635c method=java.lang.String.isLatin1()Z @ 10 c2
Event: 0.630 Thread 0x0000022246a16b90 DEOPT PACKING pc=0x00000222566e635c sp=0x000000d6dbcfcaf0
Event: 0.630 Thread 0x0000022246a16b90 DEOPT UNPACKING pc=0x000002224ec5e42f sp=0x000000d6dbcfca90 mode 2
Event: 0.636 Thread 0x0000022246a16b90 Uncommon trap: trap_request=0xffffff45 fr.pc=0x00000222566f25c4 relative=0x0000000000000044
Event: 0.636 Thread 0x0000022246a16b90 Uncommon trap: reason=unstable_if action=reinterpret pc=0x00000222566f25c4 method=java.lang.CharacterData.of(I)Ljava/lang/CharacterData; @ 4 c2
Event: 0.636 Thread 0x0000022246a16b90 DEOPT PACKING pc=0x00000222566f25c4 sp=0x000000d6dbcfea10
Event: 0.636 Thread 0x0000022246a16b90 DEOPT UNPACKING pc=0x000002224ec5e42f sp=0x000000d6dbcfe9b0 mode 2

Classes unloaded (0 events):
No events

Classes redefined (17 events):
Event: 278.691 Thread 0x00000222647997d0 redefined class name=EJERCICIOSLOGICA1.Hola, count=1
Event: 311.668 Thread 0x00000222647997d0 redefined class name=EJERCICIOSLOGICA1.Hola, count=2
Event: 960.232 Thread 0x00000222647997d0 redefined class name=EJERCICIOSLOGICA1.Hola, count=3
Event: 1133.768 Thread 0x00000222647997d0 redefined class name=EJERCICIOSLOGICA1.Hola, count=4
Event: 1150.470 Thread 0x00000222647997d0 redefined class name=EJERCICIOSLOGICA1.Hola, count=5
Event: 1157.098 Thread 0x00000222647997d0 redefined class name=EJERCICIOSLOGICA1.Hola, count=6
Event: 1158.853 Thread 0x00000222647997d0 redefined class name=EJERCICIOSLOGICA1.Hola, count=7
Event: 1192.237 Thread 0x00000222647997d0 redefined class name=EJERCICIOSLOGICA1.Hola, count=8
Event: 1204.635 Thread 0x00000222647997d0 redefined class name=EJERCICIOSLOGICA1.Hola, count=9
Event: 1261.784 Thread 0x00000222647997d0 redefined class name=EJERCICIOSLOGICA1.Hola, count=10
Event: 1291.843 Thread 0x00000222647997d0 redefined class name=EJERCICIOSLOGICA1.Hola, count=11
Event: 1309.623 Thread 0x00000222647997d0 redefined class name=EJERCICIOSLOGICA1.Hola, count=12
Event: 1324.568 Thread 0x00000222647997d0 redefined class name=EJERCICIOSLOGICA1.Hola, count=13
Event: 1334.854 Thread 0x00000222647997d0 redefined class name=EJERCICIOSLOGICA1.Hola, count=14
Event: 1362.305 Thread 0x00000222647997d0 redefined class name=EJERCICIOSLOGICA1.Hola, count=15
Event: 1439.081 Thread 0x00000222647997d0 redefined class name=EJERCICIOSLOGICA1.Hola, count=16
Event: 1443.256 Thread 0x00000222647997d0 redefined class name=EJERCICIOSLOGICA1.Hola, count=17

Internal exceptions (4 events):
Event: 0.315 Thread 0x0000022246a16b90 Exception <a 'java/lang/NoSuchMethodError'{0x0000000090b1f690}: 'void java.lang.invoke.DirectMethodHandle$Holder.invokeStatic(java.lang.Object, java.lang.Object)'> (0x0000000090b1f690) 
thrown [./open/src/hotspot/share/interpreter/linkResolver.cpp, line 782]
Event: 0.316 Thread 0x0000022246a16b90 Exception <a 'java/lang/NoSuchMethodError'{0x0000000090b23338}: 'void java.lang.invoke.DirectMethodHandle$Holder.invokeStaticInit(java.lang.Object, java.lang.Object)'> (0x0000000090b23338) 
thrown [./open/src/hotspot/share/interpreter/linkResolver.cpp, line 782]
Event: 0.524 Thread 0x0000022246a16b90 Exception <a 'java/lang/NoSuchMethodError'{0x0000000090abedc0}: 'java.lang.Object java.lang.invoke.DirectMethodHandle$Holder.invokeStatic(java.lang.Object)'> (0x0000000090abedc0) 
thrown [./open/src/hotspot/share/interpreter/linkResolver.cpp, line 782]
Event: 1465.955 Thread 0x00000222653d97d0 Exception <a 'java/lang/LinkageError'{0x0000000090cbcfb8}> (0x0000000090cbcfb8) 
thrown [./open/src/hotspot/share/oops/generateOopMap.cpp, line 2137]

Events (20 events):
Event: 1439.091 Executing VM operation: ChangeBreakpoints
Event: 1439.092 Executing VM operation: ChangeBreakpoints done
Event: 1439.096 Executing VM operation: GetFrameCount
Event: 1439.097 Executing VM operation: GetFrameCount done
Event: 1439.097 Executing VM operation: GetStackTrace
Event: 1439.097 Executing VM operation: GetStackTrace done
Event: 1439.158 Executing VM operation: GetFrameCount
Event: 1439.158 Executing VM operation: GetFrameCount done
Event: 1443.255 Executing VM operation: RedefineClasses
Event: 1443.259 Executing VM operation: RedefineClasses done
Event: 1443.293 Executing VM operation: ChangeBreakpoints
Event: 1443.293 Executing VM operation: ChangeBreakpoints done
Event: 1443.294 Executing VM operation: ChangeBreakpoints
Event: 1443.294 Executing VM operation: ChangeBreakpoints done
Event: 1443.299 Executing VM operation: GetFrameCount
Event: 1443.300 Executing VM operation: GetFrameCount done
Event: 1443.300 Executing VM operation: GetStackTrace
Event: 1443.300 Executing VM operation: GetStackTrace done
Event: 1443.328 Executing VM operation: GetFrameCount
Event: 1443.328 Executing VM operation: GetFrameCount done


Dynamic libraries:
0x00007ff635bf0000 - 0x00007ff635bff000 	C:\Program Files\Java\jdk-15.0.2\bin\javaw.exe
0x00007ffc6ae30000 - 0x00007ffc6b026000 	C:\windows\SYSTEM32\ntdll.dll
0x00007ffc69950000 - 0x00007ffc69a0d000 	C:\windows\System32\KERNEL32.DLL
0x00007ffc688e0000 - 0x00007ffc68ba9000 	C:\windows\System32\KERNELBASE.dll
0x00007ffc68cc0000 - 0x00007ffc68dc0000 	C:\windows\System32\ucrtbase.dll
0x00007ffc5fe60000 - 0x00007ffc5fe79000 	C:\Program Files\Java\jdk-15.0.2\bin\VCRUNTIME140.dll
0x00007ffc5fee0000 - 0x00007ffc5fef8000 	C:\Program Files\Java\jdk-15.0.2\bin\jli.dll
0x00007ffc6a540000 - 0x00007ffc6a5ec000 	C:\windows\System32\ADVAPI32.dll
0x00007ffc698b0000 - 0x00007ffc6994e000 	C:\windows\System32\msvcrt.dll
0x00007ffc6a830000 - 0x00007ffc6a8cc000 	C:\windows\System32\sechost.dll
0x00007ffc68e90000 - 0x00007ffc68fbb000 	C:\windows\System32\RPCRT4.dll
0x00007ffc69a10000 - 0x00007ffc69bb0000 	C:\windows\System32\USER32.dll
0x00007ffc68730000 - 0x00007ffc68752000 	C:\windows\System32\win32u.dll
0x00007ffc6a800000 - 0x00007ffc6a82a000 	C:\windows\System32\GDI32.dll
0x00007ffc68bb0000 - 0x00007ffc68cbb000 	C:\windows\System32\gdi32full.dll
0x00007ffc68df0000 - 0x00007ffc68e8d000 	C:\windows\System32\msvcp_win.dll
0x00007ffc53670000 - 0x00007ffc5390b000 	C:\windows\WinSxS\amd64_microsoft.windows.common-controls_6595b64144ccf1df_6.0.19041.746_none_ca02b4b61b8320a4\COMCTL32.dll
0x00007ffc5b950000 - 0x00007ffc5b95a000 	C:\windows\SYSTEM32\VERSION.dll
0x00007ffc6a300000 - 0x00007ffc6a330000 	C:\windows\System32\IMM32.DLL
0x00007ffc68290000 - 0x00007ffc683af000 	C:\Program Files\Avecto\Privilege Guard Client\PGHook.dll
0x00007ffc69bb0000 - 0x00007ffc6a2f2000 	C:\windows\System32\shell32.dll
0x00007ffc681c0000 - 0x00007ffc681d8000 	C:\windows\SYSTEM32\CRYPTSP.dll
0x00007ffc68180000 - 0x00007ffc681b4000 	C:\windows\system32\rsaenh.dll
0x00007ffc68dc0000 - 0x00007ffc68de7000 	C:\windows\System32\bcrypt.dll
0x00007ffc68170000 - 0x00007ffc6817c000 	C:\windows\SYSTEM32\CRYPTBASE.dll
0x00007ffc68860000 - 0x00007ffc688e0000 	C:\windows\System32\bcryptPrimitives.dll
0x0000000068000000 - 0x000000006806f000 	C:\windows\System32\QIPCAP64.dll
0x00007ffc67850000 - 0x00007ffc6791b000 	C:\windows\SYSTEM32\DNSAPI.dll
0x00007ffc67810000 - 0x00007ffc6784b000 	C:\windows\SYSTEM32\IPHLPAPI.DLL
0x00007ffc6ad80000 - 0x00007ffc6ad88000 	C:\windows\System32\NSI.dll
0x00007ffc5fe50000 - 0x00007ffc5fe5c000 	C:\Program Files\Java\jdk-15.0.2\bin\vcruntime140_1.dll
0x00007ffc479f0000 - 0x00007ffc47a81000 	C:\Program Files\Java\jdk-15.0.2\bin\msvcp140.dll
0x00007ffbd61f0000 - 0x00007ffbd6d4e000 	C:\Program Files\Java\jdk-15.0.2\bin\server\jvm.dll
0x00007ffc6a980000 - 0x00007ffc6a988000 	C:\windows\System32\PSAPI.DLL
0x00007ffc16a20000 - 0x00007ffc16a29000 	C:\windows\SYSTEM32\WSOCK32.dll
0x00007ffc6a4d0000 - 0x00007ffc6a53b000 	C:\windows\System32\WS2_32.dll
0x00007ffc50300000 - 0x00007ffc50327000 	C:\windows\SYSTEM32\WINMM.dll
0x00007ffc66fa0000 - 0x00007ffc66fb2000 	C:\windows\SYSTEM32\kernel.appcore.dll
0x00007ffc5fe40000 - 0x00007ffc5fe4a000 	C:\Program Files\Java\jdk-15.0.2\bin\jimage.dll
0x00007ffc66d80000 - 0x00007ffc66f64000 	C:\windows\SYSTEM32\DBGHELP.DLL
0x00007ffc4b510000 - 0x00007ffc4b53c000 	C:\windows\SYSTEM32\dbgcore.DLL
0x00007ffc53980000 - 0x00007ffc539b9000 	C:\Program Files\Java\jdk-15.0.2\bin\jdwp.dll
0x00007ffc5cc00000 - 0x00007ffc5cc0e000 	C:\Program Files\Java\jdk-15.0.2\bin\instrument.dll
0x00007ffc5cba0000 - 0x00007ffc5cbc5000 	C:\Program Files\Java\jdk-15.0.2\bin\java.dll
0x00007ffc3a490000 - 0x00007ffc3a4fd000 	C:\Program Files\Manufacturer\Endpoint Agent\prntm64.dll
0x00007ffc6ad90000 - 0x00007ffc6ade5000 	C:\windows\System32\SHLWAPI.dll
0x00007ffc6ac50000 - 0x00007ffc6ad7a000 	C:\windows\System32\ole32.dll
0x00007ffc69040000 - 0x00007ffc69396000 	C:\windows\System32\combase.dll
0x00007ffc6a5f0000 - 0x00007ffc6a6bd000 	C:\windows\System32\OLEAUT32.dll
0x00007ffc45840000 - 0x00007ffc4584c000 	C:\windows\SYSTEM32\Secur32.dll
0x00007ffc43780000 - 0x00007ffc4380e000 	C:\windows\SYSTEM32\WINSPOOL.DRV
0x00007ffc4cd20000 - 0x00007ffc4ce0f000 	C:\windows\SYSTEM32\MSVCR120.dll
0x00007ffc4e420000 - 0x00007ffc4e4c6000 	C:\windows\SYSTEM32\MSVCP120.dll
0x00007ffc68450000 - 0x00007ffc6848c000 	C:\windows\SYSTEM32\SSPICLI.DLL
0x00007ffc63030000 - 0x00007ffc637c0000 	C:\windows\SYSTEM32\windows.storage.dll
0x00007ffc67d70000 - 0x00007ffc67d9c000 	C:\windows\SYSTEM32\Wldp.dll
0x00000222650e0000 - 0x000002226518e000 	C:\windows\System32\SHCORE.dll
0x00007ffc684a0000 - 0x00007ffc684c6000 	C:\windows\SYSTEM32\profapi.dll
0x00007ffc5cb50000 - 0x00007ffc5cb5b000 	C:\Program Files\Java\jdk-15.0.2\bin\dt_socket.dll
0x00007ffc67b20000 - 0x00007ffc67b8a000 	C:\windows\system32\mswsock.dll
0x00007ffc53ac0000 - 0x00007ffc53aca000 	C:\Windows\System32\rasadhlp.dll
0x00007ffc5e9a0000 - 0x00007ffc5ea1f000 	C:\windows\System32\fwpuclnt.dll
0x00007ffc5cb80000 - 0x00007ffc5cb98000 	C:\Program Files\Java\jdk-15.0.2\bin\zip.dll
0x00007ffc5edd0000 - 0x00007ffc5ede9000 	C:\Program Files\Java\jdk-15.0.2\bin\net.dll
0x00007ffc67450000 - 0x00007ffc67550000 	C:\windows\SYSTEM32\WINHTTP.dll
0x00007ffc5eb70000 - 0x00007ffc5eb82000 	C:\Program Files\Java\jdk-15.0.2\bin\nio.dll
0x00007ffc5fe30000 - 0x00007ffc5fe40000 	C:\Program Files\Java\jdk-15.0.2\bin\verify.dll

dbghelp: loaded successfully - version: 4.0.5 - missing functions: none
symbol engine: initialized successfully - sym options: 0x614 - pdb path: .;C:\Program Files\Java\jdk-15.0.2\bin;C:\windows\SYSTEM32;C:\windows\WinSxS\amd64_microsoft.windows.common-controls_6595b64144ccf1df_6.0.19041.746_none_ca02b4b61b8320a4;C:\Program Files\Avecto\Privilege Guard Client;C:\Program Files\Java\jdk-15.0.2\bin\server;C:\Program Files\Manufacturer\Endpoint Agent

VM Arguments:
jvm_args: -XX:+ShowCodeDetailsInExceptionMessages -agentlib:jdwp=transport=dt_socket,suspend=y,address=localhost:59742 -javaagent:C:\Users\daniel.mijens.tutor\eclipse\jee-2020-122\eclipse\configuration\org.eclipse.osgi\405\0\.cp\lib\javaagent-shaded.jar -Dfile.encoding=Cp1252 
java_command: EJERCICIOSLOGICA1.Hola
java_class_path (initial): C:\Users\daniel.mijens.tutor\eclipse-workspace\FP DUAL\prueba\bin
Launcher Type: SUN_STANDARD

[Global flags]
     intx CICompilerCount                          = 3                                         {product} {ergonomic}
     uint ConcGCThreads                            = 1                                         {product} {ergonomic}
     uint G1ConcRefinementThreads                  = 4                                         {product} {ergonomic}
   size_t G1HeapRegionSize                         = 1048576                                   {product} {ergonomic}
    uintx GCDrainStackTargetSize                   = 64                                        {product} {ergonomic}
   size_t InitialHeapSize                          = 125829120                                 {product} {ergonomic}
   size_t MarkStackSize                            = 4194304                                   {product} {ergonomic}
   size_t MaxHeapSize                              = 1990197248                                {product} {ergonomic}
   size_t MaxNewSize                               = 1193279488                                {product} {ergonomic}
   size_t MinHeapDeltaBytes                        = 1048576                                   {product} {ergonomic}
   size_t MinHeapSize                              = 8388608                                   {product} {ergonomic}
    uintx NonNMethodCodeHeapSize                   = 5832780                                {pd product} {ergonomic}
    uintx NonProfiledCodeHeapSize                  = 122912730                              {pd product} {ergonomic}
    uintx ProfiledCodeHeapSize                     = 122912730                              {pd product} {ergonomic}
    uintx ReservedCodeCacheSize                    = 251658240                              {pd product} {ergonomic}
     bool SegmentedCodeCache                       = true                                      {product} {ergonomic}
     bool ShowCodeDetailsInExceptionMessages       = true                                   {manageable} {command line}
   size_t SoftMaxHeapSize                          = 1990197248                             {manageable} {ergonomic}
     bool UseCompressedClassPointers               = true                                 {lp64_product} {ergonomic}
     bool UseCompressedOops                        = true                                 {lp64_product} {ergonomic}
     bool UseG1GC                                  = true                                      {product} {ergonomic}
     bool UseLargePagesIndividualAllocation        = false                                  {pd product} {ergonomic}

Logging:
Log output configuration:
 #0: stdout all=warning uptime,level,tags
 #1: stderr all=off uptime,level,tags

Environment Variables:
PATH=C:\Program Files\Common Files\Oracle\Java\javapath;C:\windows\system32;C:\windows;C:\windows\System32\Wbem;C:\windows\System32\WindowsPowerShell\v1.0\;C:\windows\System32\OpenSSH\;C:\Program Files (x86)\Symantec\VIP Access Client\;C:\Program Files\Java\jdk-15.0.2\bin;C:\Program Files\Java\jdk-15.0.2\lib;C:\Users\daniel.mijens.tutor\AppData\Local\Microsoft\WindowsApps;
USERNAME=daniel.mijens.tutor
OS=Windows_NT
PROCESSOR_IDENTIFIER=Intel64 Family 6 Model 142 Stepping 9, GenuineIntel



---------------  S Y S T E M  ---------------

OS:
 Windows 10 , 64 bit Build 19041 (10.0.19041.804)
OS uptime: 1 days 19:14 hours

CPU: total 4 (initial active 4) (2 cores per cpu, 2 threads per core) family 6 model 142 stepping 9 microcode 0xde, cmov, cx8, fxsr, mmx, sse, sse2, sse3, ssse3, sse4.1, sse4.2, popcnt, vzeroupper, avx, avx2, aes, clmul, erms, rtm, 3dnowpref, lzcnt, ht, tsc, tscinvbit, bmi1, bmi2, adx, fma, clflush, clflushopt

Memory: 4k page, system-wide physical 7587M (1139M free)
TotalPageFile size 15357M (AvailPageFile size 2735M)
current process WorkingSet (physical memory assigned to process): 46M, peak: 48M
current process commit charge ("private bytes"): 200M, peak: 290M

vm_info: Java HotSpot(TM) 64-Bit Server VM (15.0.2+7-27) for windows-amd64 JRE (15.0.2+7-27), built on Dec  7 2020 20:07:01 by "mach5one" with unknown MS VC++:1925

END.
